2021/06/01 22:48:05 Found plot files 26
2021/06/01 22:48:05 Copying /Users/hesdx/Downloads/cyberpunk2/Cyberpunk.2077-GOG/setup_cyberpunk_2077_build_3214677change_4155897_(64bit)_(43299)-16.bin to /Volumes/DISK_IMG/cybe/setup_cyberpunk_2077_build_3214677change_4155897_(64bit)_(43299)-16.bin

2021/06/01 22:48:11 Pro:  0mb per sec|50010001|  1.25 %|

2021/06/01 22:57:07 Found plot files 26
2021/06/01 22:57:07 Copying /Users/hesdx/Downloads/cyberpunk2/Cyberpunk.2077-GOG/setup_cyberpunk_2077_build_3214677change_4155897_(64bit)_(43299)-3.bin to /Volumes/DISK_IMG/cybe/setup_cyberpunk_2077_build_3214677change_4155897_(64bit)_(43299)-3.bin

2021/06/01 22:57:12 P - setup_cyberpunk_2077_build_3214677change_4155897_(64bit)_(43299)-3.bin:  1mb per sec|50010001|  1.25 %|

2021/06/01 22:57:46 P - setup_cyberpunk_2077_build_3214677change_4155897_(64bit)_(43299)-3.bin:  1mb per sec|100020002|   2.5 %|

2021/06/01 22:58:17 P - setup_cyberpunk_2077_build_3214677change_4155897_(64bit)_(43299)-3.bin:  1mb per sec|150030003|   3.5 %|

2021/06/01 22:58:52 P - setup_cyberpunk_2077_build_3214677change_4155897_(64bit)_(43299)-3.bin:  1mb per sec|200040004|     5 %|

2021/06/01 22:59:26 P - setup_cyberpunk_2077_build_3214677change_4155897_(64bit)_(43299)-3.bin:  1mb per sec|250050005|     6 %|

2021/06/01 23:00:02 P - setup_cyberpunk_2077_build_3214677change_4155897_(64bit)_(43299)-3.bin:  1mb per sec|300060006|     7 %|

2021/06/01 23:00:39 P - setup_cyberpunk_2077_build_3214677change_4155897_(64bit)_(43299)-3.bin:  1mb per sec|350070007|     8 %|

2021/06/01 23:01:10 P - setup_cyberpunk_2077_build_3214677change_4155897_(64bit)_(43299)-3.bin:  1mb per sec|400080008|    10 %|

2021/06/01 23:01:43 P - setup_cyberpunk_2077_build_3214677change_4155897_(64bit)_(43299)-3.bin:  1mb per sec|450090009|    10 %|

2021/06/01 23:02:19 P - setup_cyberpunk_2077_build_3214677change_4155897_(64bit)_(43299)-3.bin:  1mb per sec|500100010|    12 %|

2021/06/01 23:02:51 P - setup_cyberpunk_2077_build_3214677change_4155897_(64bit)_(43299)-3.bin:  1mb per sec|550110011|    12 %|

2021/06/01 23:03:27 P - setup_cyberpunk_2077_build_3214677change_4155897_(64bit)_(43299)-3.bin:  1mb per sec|600120012|    14 %|

2021/06/01 23:03:59 P - setup_cyberpunk_2077_build_3214677change_4155897_(64bit)_(43299)-3.bin:  1mb per sec|650130013|    16 %|

2021/06/01 23:04:30 P - setup_cyberpunk_2077_build_3214677change_4155897_(64bit)_(43299)-3.bin:  1mb per sec|700140014|    16 %|

2021/06/01 23:05:07 P - setup_cyberpunk_2077_build_3214677change_4155897_(64bit)_(43299)-3.bin:  1mb per sec|750150015|    16 %|

2021/06/01 23:05:39 P - setup_cyberpunk_2077_build_3214677change_4155897_(64bit)_(43299)-3.bin:  1mb per sec|800160016|    20 %|

2021/06/01 23:06:10 P - setup_cyberpunk_2077_build_3214677change_4155897_(64bit)_(43299)-3.bin:  1mb per sec|850170017|    20 %|

2021/06/01 23:06:23 File moving file done: /Volumes/DISK_IMG/cybe/setup_cyberpunk_2077_build_3214677change_4155897_(64bit)_(43299)-3.bin

2021/06/01 23:06:28 Complete and stop worker 20
2021/06/01 23:06:28 ==============================================
2021/06/01 23:10:51 Complete and stop worker 20
2021/06/01 23:10:51 ==============================================
2021/06/01 23:11:58 Found plot files 26
2021/06/01 23:11:58 Copying /Users/hesdx/Downloads/cyberpunk2/Cyberpunk.2077-GOG/setup_cyberpunk_2077_build_3214677change_4155897_(64bit)_(43299)-22.bin to /Volumes/DISK_IMG/cybe/setup_cyberpunk_2077_build_3214677change_4155897_(64bit)_(43299)-22.bin

2021/06/01 23:12:08 P - setup_cyberpunk_2077_build_3214677change_4155897_(64bit)_(43299)-22.bin:  0mb per sec|     0 %|

2021/06/01 23:12:47 P - setup_cyberpunk_2077_build_3214677change_4155897_(64bit)_(43299)-22.bin:  6mb per sec|     4 %|

2021/06/01 23:13:29 P - setup_cyberpunk_2077_build_3214677change_4155897_(64bit)_(43299)-22.bin:  6mb per sec|     8 %|

2021/06/01 23:14:01 P - setup_cyberpunk_2077_build_3214677change_4155897_(64bit)_(43299)-22.bin:  6mb per sec|    12 %|

2021/06/01 23:14:43 P - setup_cyberpunk_2077_build_3214677change_4155897_(64bit)_(43299)-22.bin:  6mb per sec|    16 %|

2021/06/01 23:15:20 P - setup_cyberpunk_2077_build_3214677change_4155897_(64bit)_(43299)-22.bin:  6mb per sec|    20 %|

2021/06/01 23:15:51 P - setup_cyberpunk_2077_build_3214677change_4155897_(64bit)_(43299)-22.bin:  3mb per sec|    24 %|

2021/06/01 23:16:25 P - setup_cyberpunk_2077_build_3214677change_4155897_(64bit)_(43299)-22.bin:  6mb per sec|    28 %|

2021/06/01 23:17:06 P - setup_cyberpunk_2077_build_3214677change_4155897_(64bit)_(43299)-22.bin:  6mb per sec|    32 %|

2021/06/01 23:17:38 P - setup_cyberpunk_2077_build_3214677change_4155897_(64bit)_(43299)-22.bin:  6mb per sec|    32 %|

2021/06/01 23:18:11 P - setup_cyberpunk_2077_build_3214677change_4155897_(64bit)_(43299)-22.bin:  6mb per sec|    40 %|

2021/06/01 23:18:43 P - setup_cyberpunk_2077_build_3214677change_4155897_(64bit)_(43299)-22.bin:  6mb per sec|    48 %|

2021/06/01 23:19:15 P - setup_cyberpunk_2077_build_3214677change_4155897_(64bit)_(43299)-22.bin:  6mb per sec|    48 %|

2021/06/01 23:19:50 P - setup_cyberpunk_2077_build_3214677change_4155897_(64bit)_(43299)-22.bin:  6mb per sec|    56 %|

2021/06/01 23:20:23 P - setup_cyberpunk_2077_build_3214677change_4155897_(64bit)_(43299)-22.bin:  6mb per sec|    56 %|

2021/06/01 23:21:01 P - setup_cyberpunk_2077_build_3214677change_4155897_(64bit)_(43299)-22.bin:  6mb per sec|    64 %|

2021/06/01 23:21:33 P - setup_cyberpunk_2077_build_3214677change_4155897_(64bit)_(43299)-22.bin:  6mb per sec|    64 %|

2021/06/01 23:21:35 File moving file done: /Volumes/DISK_IMG/cybe/setup_cyberpunk_2077_build_3214677change_4155897_(64bit)_(43299)-22.bin

2021/06/01 23:21:40 Found plot files 24
2021/06/01 23:21:40 Copying /Users/hesdx/Downloads/cyberpunk2/Cyberpunk.2077-GOG/setup_cyberpunk_2077_build_3214677change_4155897_(64bit)_(43299)-4.bin to /Volumes/DISK_IMG/cybe/setup_cyberpunk_2077_build_3214677change_4155897_(64bit)_(43299)-4.bin

2021/06/01 23:22:15 P - setup_cyberpunk_2077_build_3214677change_4155897_(64bit)_(43299)-4.bin:  6mb per sec|     4 %|

2021/06/01 23:22:49 P - setup_cyberpunk_2077_build_3214677change_4155897_(64bit)_(43299)-4.bin:  6mb per sec|     8 %|

2021/06/01 23:23:20 P - setup_cyberpunk_2077_build_3214677change_4155897_(64bit)_(43299)-4.bin:  3mb per sec|    10 %|

2021/06/01 23:23:54 P - setup_cyberpunk_2077_build_3214677change_4155897_(64bit)_(43299)-4.bin:  6mb per sec|    14 %|

2021/06/01 23:24:38 P - setup_cyberpunk_2077_build_3214677change_4155897_(64bit)_(43299)-4.bin:  6mb per sec|    20 %|

2021/06/01 23:25:19 P - setup_cyberpunk_2077_build_3214677change_4155897_(64bit)_(43299)-4.bin:  6mb per sec|    24 %|

2021/06/01 23:25:56 P - setup_cyberpunk_2077_build_3214677change_4155897_(64bit)_(43299)-4.bin:  6mb per sec|    28 %|

2021/06/01 23:26:28 P - setup_cyberpunk_2077_build_3214677change_4155897_(64bit)_(43299)-4.bin:  6mb per sec|    32 %|

2021/06/01 23:27:02 P - setup_cyberpunk_2077_build_3214677change_4155897_(64bit)_(43299)-4.bin:  6mb per sec|    32 %|

2021/06/01 23:27:34 P - setup_cyberpunk_2077_build_3214677change_4155897_(64bit)_(43299)-4.bin:  6mb per sec|    40 %|

2021/06/01 23:28:14 P - setup_cyberpunk_2077_build_3214677change_4155897_(64bit)_(43299)-4.bin:  6mb per sec|    48 %|

2021/06/01 23:28:49 P - setup_cyberpunk_2077_build_3214677change_4155897_(64bit)_(43299)-4.bin:  6mb per sec|    48 %|

2021/06/01 23:29:24 P - setup_cyberpunk_2077_build_3214677change_4155897_(64bit)_(43299)-4.bin:  6mb per sec|    56 %|

2021/06/01 23:30:01 P - setup_cyberpunk_2077_build_3214677change_4155897_(64bit)_(43299)-4.bin:  6mb per sec|    56 %|

2021/06/01 23:30:36 P - setup_cyberpunk_2077_build_3214677change_4155897_(64bit)_(43299)-4.bin:  6mb per sec|    64 %|

2021/06/01 23:31:10 P - setup_cyberpunk_2077_build_3214677change_4155897_(64bit)_(43299)-4.bin:  6mb per sec|    64 %|

2021/06/01 23:31:20 File moving file done: /Volumes/DISK_IMG/cybe/setup_cyberpunk_2077_build_3214677change_4155897_(64bit)_(43299)-4.bin

2021/06/01 23:31:25 Found plot files 23
2021/06/01 23:31:25 Copying /Users/hesdx/Downloads/cyberpunk2/Cyberpunk.2077-GOG/setup_cyberpunk_2077_build_3214677change_4155897_(64bit)_(43299)-21.bin to /Volumes/DISK_IMG/cybe/setup_cyberpunk_2077_build_3214677change_4155897_(64bit)_(43299)-21.bin

2021/06/01 23:31:51 P - setup_cyberpunk_2077_build_3214677change_4155897_(64bit)_(43299)-21.bin:  3mb per sec|     2 %|

2021/06/01 23:32:28 P - setup_cyberpunk_2077_build_3214677change_4155897_(64bit)_(43299)-21.bin:  6mb per sec|     6 %|

2021/06/01 23:33:04 P - setup_cyberpunk_2077_build_3214677change_4155897_(64bit)_(43299)-21.bin:  6mb per sec|    10 %|

2021/06/01 23:33:48 P - setup_cyberpunk_2077_build_3214677change_4155897_(64bit)_(43299)-21.bin:  6mb per sec|    14 %|

2021/06/01 23:34:30 P - setup_cyberpunk_2077_build_3214677change_4155897_(64bit)_(43299)-21.bin:  6mb per sec|    20 %|

2021/06/01 23:35:06 P - setup_cyberpunk_2077_build_3214677change_4155897_(64bit)_(43299)-21.bin:  6mb per sec|    24 %|

2021/06/01 23:35:45 P - setup_cyberpunk_2077_build_3214677change_4155897_(64bit)_(43299)-21.bin:  6mb per sec|    28 %|

2021/06/01 23:36:20 P - setup_cyberpunk_2077_build_3214677change_4155897_(64bit)_(43299)-21.bin:  6mb per sec|    32 %|

2021/06/01 23:36:56 P - setup_cyberpunk_2077_build_3214677change_4155897_(64bit)_(43299)-21.bin:  6mb per sec|    32 %|

2021/06/01 23:37:30 P - setup_cyberpunk_2077_build_3214677change_4155897_(64bit)_(43299)-21.bin:  6mb per sec|    40 %|

2021/06/01 23:38:05 P - setup_cyberpunk_2077_build_3214677change_4155897_(64bit)_(43299)-21.bin:  6mb per sec|    48 %|

2021/06/01 23:38:40 P - setup_cyberpunk_2077_build_3214677change_4155897_(64bit)_(43299)-21.bin:  6mb per sec|    48 %|

2021/06/01 23:39:19 P - setup_cyberpunk_2077_build_3214677change_4155897_(64bit)_(43299)-21.bin:  6mb per sec|    56 %|

2021/06/01 23:39:54 P - setup_cyberpunk_2077_build_3214677change_4155897_(64bit)_(43299)-21.bin:  6mb per sec|    56 %|

2021/06/01 23:40:30 P - setup_cyberpunk_2077_build_3214677change_4155897_(64bit)_(43299)-21.bin:  6mb per sec|    64 %|

2021/06/01 23:41:04 P - setup_cyberpunk_2077_build_3214677change_4155897_(64bit)_(43299)-21.bin:  6mb per sec|    64 %|

2021/06/01 23:41:14 File moving file done: /Volumes/DISK_IMG/cybe/setup_cyberpunk_2077_build_3214677change_4155897_(64bit)_(43299)-21.bin

2021/06/01 23:41:19 Found plot files 22
2021/06/01 23:41:19 Copying /Users/hesdx/Downloads/cyberpunk2/Cyberpunk.2077-GOG/setup_cyberpunk_2077_build_3214677change_4155897_(64bit)_(43299)-15.bin to /Volumes/DISK_IMG/cybe/setup_cyberpunk_2077_build_3214677change_4155897_(64bit)_(43299)-15.bin

2021/06/01 23:41:45 P - setup_cyberpunk_2077_build_3214677change_4155897_(64bit)_(43299)-15.bin:  3mb per sec|     2 %|

2021/06/01 23:42:22 P - setup_cyberpunk_2077_build_3214677change_4155897_(64bit)_(43299)-15.bin:  6mb per sec|     6 %|

2021/06/01 23:43:09 P - setup_cyberpunk_2077_build_3214677change_4155897_(64bit)_(43299)-15.bin:  3mb per sec|     8 %|

2021/06/01 23:43:45 P - setup_cyberpunk_2077_build_3214677change_4155897_(64bit)_(43299)-15.bin:  6mb per sec|    12 %|

2021/06/01 23:44:20 P - setup_cyberpunk_2077_build_3214677change_4155897_(64bit)_(43299)-15.bin:  6mb per sec|    16 %|

2021/06/01 23:44:55 P - setup_cyberpunk_2077_build_3214677change_4155897_(64bit)_(43299)-15.bin:  6mb per sec|    20 %|

2021/06/01 23:45:36 P - setup_cyberpunk_2077_build_3214677change_4155897_(64bit)_(43299)-15.bin:  6mb per sec|    24 %|

2021/06/01 23:46:11 P - setup_cyberpunk_2077_build_3214677change_4155897_(64bit)_(43299)-15.bin:  6mb per sec|    28 %|

2021/06/01 23:46:50 P - setup_cyberpunk_2077_build_3214677change_4155897_(64bit)_(43299)-15.bin:  6mb per sec|    32 %|

2021/06/01 23:47:24 P - setup_cyberpunk_2077_build_3214677change_4155897_(64bit)_(43299)-15.bin:  6mb per sec|    40 %|

2021/06/01 23:48:01 P - setup_cyberpunk_2077_build_3214677change_4155897_(64bit)_(43299)-15.bin:  6mb per sec|    40 %|

2021/06/01 23:48:42 P - setup_cyberpunk_2077_build_3214677change_4155897_(64bit)_(43299)-15.bin:  6mb per sec|    48 %|

2021/06/01 23:49:17 P - setup_cyberpunk_2077_build_3214677change_4155897_(64bit)_(43299)-15.bin:  6mb per sec|    48 %|

2021/06/01 23:49:52 P - setup_cyberpunk_2077_build_3214677change_4155897_(64bit)_(43299)-15.bin:  6mb per sec|    56 %|

2021/06/01 23:50:32 P - setup_cyberpunk_2077_build_3214677change_4155897_(64bit)_(43299)-15.bin:  6mb per sec|    56 %|

2021/06/01 23:51:06 P - setup_cyberpunk_2077_build_3214677change_4155897_(64bit)_(43299)-15.bin:  6mb per sec|    64 %|

2021/06/01 23:51:27 File moving file done: /Volumes/DISK_IMG/cybe/setup_cyberpunk_2077_build_3214677change_4155897_(64bit)_(43299)-15.bin

2021/06/01 23:51:32 Found plot files 21
2021/06/01 23:51:33 Copying /Users/hesdx/Downloads/cyberpunk2/Cyberpunk.2077-GOG/setup_cyberpunk_2077_build_3214677change_4155897_(64bit)_(43299)-6.bin to /Volumes/DISK_IMG/cybe/setup_cyberpunk_2077_build_3214677change_4155897_(64bit)_(43299)-6.bin

2021/06/01 23:51:45 P - setup_cyberpunk_2077_build_3214677change_4155897_(64bit)_(43299)-6.bin:  0mb per sec|     0 %|

2021/06/01 23:52:21 P - setup_cyberpunk_2077_build_3214677change_4155897_(64bit)_(43299)-6.bin:  6mb per sec|     4 %|

2021/06/01 23:53:00 P - setup_cyberpunk_2077_build_3214677change_4155897_(64bit)_(43299)-6.bin:  6mb per sec|     8 %|

2021/06/01 23:53:34 P - setup_cyberpunk_2077_build_3214677change_4155897_(64bit)_(43299)-6.bin:  6mb per sec|    12 %|

2021/06/01 23:54:14 P - setup_cyberpunk_2077_build_3214677change_4155897_(64bit)_(43299)-6.bin:  6mb per sec|    16 %|

2021/06/01 23:54:51 P - setup_cyberpunk_2077_build_3214677change_4155897_(64bit)_(43299)-6.bin:  3mb per sec|    20 %|

2021/06/01 23:55:30 P - setup_cyberpunk_2077_build_3214677change_4155897_(64bit)_(43299)-6.bin:  3mb per sec|    20 %|

2021/06/01 23:56:03 P - setup_cyberpunk_2077_build_3214677change_4155897_(64bit)_(43299)-6.bin:  3mb per sec|    24 %|

2021/06/01 23:56:44 P - setup_cyberpunk_2077_build_3214677change_4155897_(64bit)_(43299)-6.bin:  6mb per sec|    28 %|

2021/06/01 23:57:29 P - setup_cyberpunk_2077_build_3214677change_4155897_(64bit)_(43299)-6.bin:  6mb per sec|    32 %|

2021/06/01 23:58:03 P - setup_cyberpunk_2077_build_3214677change_4155897_(64bit)_(43299)-6.bin:  3mb per sec|    32 %|

2021/06/01 23:58:35 P - setup_cyberpunk_2077_build_3214677change_4155897_(64bit)_(43299)-6.bin:  3mb per sec|    32 %|

2021/06/01 23:59:22 P - setup_cyberpunk_2077_build_3214677change_4155897_(64bit)_(43299)-6.bin:  6mb per sec|    40 %|

2021/06/02 00:00:05 P - setup_cyberpunk_2077_build_3214677change_4155897_(64bit)_(43299)-6.bin:  6mb per sec|    48 %|

2021/06/02 00:00:44 P - setup_cyberpunk_2077_build_3214677change_4155897_(64bit)_(43299)-6.bin:  3mb per sec|    48 %|

2021/06/02 00:01:24 P - setup_cyberpunk_2077_build_3214677change_4155897_(64bit)_(43299)-6.bin:  3mb per sec|    48 %|

2021/06/02 00:02:05 P - setup_cyberpunk_2077_build_3214677change_4155897_(64bit)_(43299)-6.bin:  6mb per sec|    56 %|

2021/06/02 00:02:49 P - setup_cyberpunk_2077_build_3214677change_4155897_(64bit)_(43299)-6.bin:  6mb per sec|    56 %|

2021/06/02 00:03:21 P - setup_cyberpunk_2077_build_3214677change_4155897_(64bit)_(43299)-6.bin:  3mb per sec|    56 %|

2021/06/02 00:03:34 File moving file done: /Volumes/DISK_IMG/cybe/setup_cyberpunk_2077_build_3214677change_4155897_(64bit)_(43299)-6.bin

2021/06/02 00:03:39 Found plot files 21
2021/06/02 00:03:39 Warning! There is not enough space...
2021/06/02 00:03:39 Free:%!(EXTRA uint64=229)
2021/06/02 00:03:39 Available:%!(EXTRA uint64=229)
2021/06/02 00:03:39 Size:%!(EXTRA uint64=29983)
2021/06/02 00:03:39 Used:%!(EXTRA uint64=29754)
2021/06/02 00:03:39 Usage:%!(EXTRA float32=99.23418, string=%)
2021/06/02 00:55:01 Found plot files 20
2021/06/02 00:55:01 Copying /Users/hesdx/Downloads/cyberpunk2/Cyberpunk.2077-GOG/setup_cyberpunk_2077_build_3214677change_4155897_(64bit)_(43299)-9.bin to /Volumes/DISK_IMG/cybe/setup_cyberpunk_2077_build_3214677change_4155897_(64bit)_(43299)-9.bin

2021/06/02 00:55:15 P - setup_cyberpunk_2077_build_3214677change_4155897_(64bit)_(43299)-9.bin:  0mb per sec|     0 %|

2021/06/02 00:55:54 P - setup_cyberpunk_2077_build_3214677change_4155897_(64bit)_(43299)-9.bin:  6mb per sec|     4 %|

2021/06/02 00:56:39 P - setup_cyberpunk_2077_build_3214677change_4155897_(64bit)_(43299)-9.bin:  6mb per sec|     8 %|

2021/06/02 00:57:38 P - setup_cyberpunk_2077_build_3214677change_4155897_(64bit)_(43299)-9.bin:  6mb per sec|    12 %|

2021/06/02 00:58:14 P - setup_cyberpunk_2077_build_3214677change_4155897_(64bit)_(43299)-9.bin:  6mb per sec|    16 %|

2021/06/02 00:58:48 P - setup_cyberpunk_2077_build_3214677change_4155897_(64bit)_(43299)-9.bin:  6mb per sec|    20 %|

2021/06/02 00:59:21 P - setup_cyberpunk_2077_build_3214677change_4155897_(64bit)_(43299)-9.bin:  6mb per sec|    24 %|

2021/06/02 00:59:53 P - setup_cyberpunk_2077_build_3214677change_4155897_(64bit)_(43299)-9.bin:  6mb per sec|    28 %|

2021/06/02 01:00:31 P - setup_cyberpunk_2077_build_3214677change_4155897_(64bit)_(43299)-9.bin:  6mb per sec|    32 %|

2021/06/02 01:01:05 P - setup_cyberpunk_2077_build_3214677change_4155897_(64bit)_(43299)-9.bin:  6mb per sec|    40 %|

2021/06/02 01:01:45 P - setup_cyberpunk_2077_build_3214677change_4155897_(64bit)_(43299)-9.bin:  6mb per sec|    40 %|

2021/06/02 01:02:18 P - setup_cyberpunk_2077_build_3214677change_4155897_(64bit)_(43299)-9.bin:  6mb per sec|    48 %|

2021/06/02 01:02:52 P - setup_cyberpunk_2077_build_3214677change_4155897_(64bit)_(43299)-9.bin:  6mb per sec|    48 %|

2021/06/02 01:03:24 P - setup_cyberpunk_2077_build_3214677change_4155897_(64bit)_(43299)-9.bin:  6mb per sec|    56 %|

2021/06/02 01:04:04 P - setup_cyberpunk_2077_build_3214677change_4155897_(64bit)_(43299)-9.bin:  6mb per sec|    56 %|

2021/06/02 01:04:37 P - setup_cyberpunk_2077_build_3214677change_4155897_(64bit)_(43299)-9.bin:  6mb per sec|    64 %|

2021/06/02 01:04:57 File moving file done: /Volumes/DISK_IMG/cybe/setup_cyberpunk_2077_build_3214677change_4155897_(64bit)_(43299)-9.bin

2021/06/02 01:05:02 Found plot files 20
2021/06/02 01:05:02 Copying /Users/hesdx/Downloads/cyberpunk2/Cyberpunk.2077-GOG/setup_cyberpunk_2077_build_3214677change_4155897_(64bit)_(43299)-11.bin to /Volumes/DISK_IMG/cybe/setup_cyberpunk_2077_build_3214677change_4155897_(64bit)_(43299)-11.bin

2021/06/02 01:05:12 P - setup_cyberpunk_2077_build_3214677change_4155897_(64bit)_(43299)-11.bin:  0mb per sec|     0 %|

2021/06/02 01:05:46 P - setup_cyberpunk_2077_build_3214677change_4155897_(64bit)_(43299)-11.bin:  6mb per sec|     4 %|

2021/06/02 01:06:28 P - setup_cyberpunk_2077_build_3214677change_4155897_(64bit)_(43299)-11.bin:  6mb per sec|     8 %|

2021/06/02 01:07:02 P - setup_cyberpunk_2077_build_3214677change_4155897_(64bit)_(43299)-11.bin:  6mb per sec|    12 %|

2021/06/02 01:07:38 P - setup_cyberpunk_2077_build_3214677change_4155897_(64bit)_(43299)-11.bin:  6mb per sec|    16 %|

2021/06/02 01:08:13 P - setup_cyberpunk_2077_build_3214677change_4155897_(64bit)_(43299)-11.bin:  6mb per sec|    20 %|

2021/06/02 01:08:55 P - setup_cyberpunk_2077_build_3214677change_4155897_(64bit)_(43299)-11.bin:  6mb per sec|    24 %|

2021/06/02 01:09:30 P - setup_cyberpunk_2077_build_3214677change_4155897_(64bit)_(43299)-11.bin:  6mb per sec|    28 %|

2021/06/02 01:10:09 P - setup_cyberpunk_2077_build_3214677change_4155897_(64bit)_(43299)-11.bin:  6mb per sec|    32 %|

2021/06/02 01:10:44 P - setup_cyberpunk_2077_build_3214677change_4155897_(64bit)_(43299)-11.bin:  6mb per sec|    40 %|

2021/06/02 01:11:26 P - setup_cyberpunk_2077_build_3214677change_4155897_(64bit)_(43299)-11.bin:  6mb per sec|    40 %|

2021/06/02 01:12:00 P - setup_cyberpunk_2077_build_3214677change_4155897_(64bit)_(43299)-11.bin:  6mb per sec|    48 %|

2021/06/02 01:12:41 P - setup_cyberpunk_2077_build_3214677change_4155897_(64bit)_(43299)-11.bin:  6mb per sec|    48 %|

2021/06/02 01:13:15 P - setup_cyberpunk_2077_build_3214677change_4155897_(64bit)_(43299)-11.bin:  6mb per sec|    56 %|

2021/06/02 01:13:49 P - setup_cyberpunk_2077_build_3214677change_4155897_(64bit)_(43299)-11.bin:  6mb per sec|    56 %|

2021/06/02 01:14:23 P - setup_cyberpunk_2077_build_3214677change_4155897_(64bit)_(43299)-11.bin:  6mb per sec|    64 %|

2021/06/02 01:14:45 File moving file done: /Volumes/DISK_IMG/cybe/setup_cyberpunk_2077_build_3214677change_4155897_(64bit)_(43299)-11.bin

2021/06/02 01:14:50 Found plot files 19
2021/06/02 01:14:50 Copying /Users/hesdx/Downloads/cyberpunk2/Cyberpunk.2077-GOG/setup_cyberpunk_2077_build_3214677change_4155897_(64bit)_(43299)-25.bin to /Volumes/DISK_IMG/cybe/setup_cyberpunk_2077_build_3214677change_4155897_(64bit)_(43299)-25.bin

2021/06/02 01:15:00 P - setup_cyberpunk_2077_build_3214677change_4155897_(64bit)_(43299)-25.bin:  0mb per sec|     0 %|

2021/06/02 01:15:34 P - setup_cyberpunk_2077_build_3214677change_4155897_(64bit)_(43299)-25.bin:  3mb per sec|     2 %|

2021/06/02 01:16:07 P - setup_cyberpunk_2077_build_3214677change_4155897_(64bit)_(43299)-25.bin:  6mb per sec|     6 %|

2021/06/02 01:16:41 P - setup_cyberpunk_2077_build_3214677change_4155897_(64bit)_(43299)-25.bin:  6mb per sec|    10 %|

2021/06/02 01:17:14 P - setup_cyberpunk_2077_build_3214677change_4155897_(64bit)_(43299)-25.bin:  6mb per sec|    14 %|

2021/06/02 01:17:46 P - setup_cyberpunk_2077_build_3214677change_4155897_(64bit)_(43299)-25.bin:  6mb per sec|    20 %|

2021/06/02 01:18:20 P - setup_cyberpunk_2077_build_3214677change_4155897_(64bit)_(43299)-25.bin:  6mb per sec|    24 %|

2021/06/02 01:19:00 P - setup_cyberpunk_2077_build_3214677change_4155897_(64bit)_(43299)-25.bin:  6mb per sec|    28 %|

2021/06/02 01:19:34 P - setup_cyberpunk_2077_build_3214677change_4155897_(64bit)_(43299)-25.bin:  6mb per sec|    32 %|

2021/06/02 01:20:08 P - setup_cyberpunk_2077_build_3214677change_4155897_(64bit)_(43299)-25.bin:  6mb per sec|    32 %|

2021/06/02 01:20:41 P - setup_cyberpunk_2077_build_3214677change_4155897_(64bit)_(43299)-25.bin:  6mb per sec|    40 %|

2021/06/02 01:21:13 P - setup_cyberpunk_2077_build_3214677change_4155897_(64bit)_(43299)-25.bin:  6mb per sec|    48 %|

2021/06/02 01:21:46 P - setup_cyberpunk_2077_build_3214677change_4155897_(64bit)_(43299)-25.bin:  6mb per sec|    48 %|

2021/06/02 01:22:18 P - setup_cyberpunk_2077_build_3214677change_4155897_(64bit)_(43299)-25.bin:  3mb per sec|    48 %|

2021/06/02 01:22:51 P - setup_cyberpunk_2077_build_3214677change_4155897_(64bit)_(43299)-25.bin:  6mb per sec|    56 %|

2021/06/02 01:23:24 P - setup_cyberpunk_2077_build_3214677change_4155897_(64bit)_(43299)-25.bin:  6mb per sec|    56 %|

2021/06/02 01:23:59 P - setup_cyberpunk_2077_build_3214677change_4155897_(64bit)_(43299)-25.bin:  6mb per sec|    64 %|

2021/06/02 01:24:08 File moving file done: /Volumes/DISK_IMG/cybe/setup_cyberpunk_2077_build_3214677change_4155897_(64bit)_(43299)-25.bin

2021/06/02 01:24:13 Found plot files 18
2021/06/02 01:24:13 Copying /Users/hesdx/Downloads/cyberpunk2/Cyberpunk.2077-GOG/setup_cyberpunk_2077_build_3214677change_4155897_(64bit)_(43299)-10.bin to /Volumes/DISK_IMG/cybe/setup_cyberpunk_2077_build_3214677change_4155897_(64bit)_(43299)-10.bin

2021/06/02 01:24:36 P - setup_cyberpunk_2077_build_3214677change_4155897_(64bit)_(43299)-10.bin:  3mb per sec|     2 %|

2021/06/02 01:25:13 P - setup_cyberpunk_2077_build_3214677change_4155897_(64bit)_(43299)-10.bin:  6mb per sec|     6 %|

2021/06/02 01:25:51 P - setup_cyberpunk_2077_build_3214677change_4155897_(64bit)_(43299)-10.bin:  6mb per sec|    10 %|

2021/06/02 01:26:27 P - setup_cyberpunk_2077_build_3214677change_4155897_(64bit)_(43299)-10.bin:  6mb per sec|    14 %|

2021/06/02 01:27:04 P - setup_cyberpunk_2077_build_3214677change_4155897_(64bit)_(43299)-10.bin:  6mb per sec|    20 %|

2021/06/02 01:27:41 P - setup_cyberpunk_2077_build_3214677change_4155897_(64bit)_(43299)-10.bin:  3mb per sec|    20 %|

2021/06/02 01:28:22 P - setup_cyberpunk_2077_build_3214677change_4155897_(64bit)_(43299)-10.bin:  6mb per sec|    24 %|

2021/06/02 01:28:55 P - setup_cyberpunk_2077_build_3214677change_4155897_(64bit)_(43299)-10.bin:  6mb per sec|    28 %|

2021/06/02 01:29:31 P - setup_cyberpunk_2077_build_3214677change_4155897_(64bit)_(43299)-10.bin:  6mb per sec|    32 %|

2021/06/02 01:30:05 P - setup_cyberpunk_2077_build_3214677change_4155897_(64bit)_(43299)-10.bin:  6mb per sec|    40 %|

2021/06/02 01:30:41 P - setup_cyberpunk_2077_build_3214677change_4155897_(64bit)_(43299)-10.bin:  3mb per sec|    40 %|

2021/06/02 01:31:21 P - setup_cyberpunk_2077_build_3214677change_4155897_(64bit)_(43299)-10.bin:  6mb per sec|    48 %|

2021/06/02 01:31:57 P - setup_cyberpunk_2077_build_3214677change_4155897_(64bit)_(43299)-10.bin:  6mb per sec|    48 %|

2021/06/02 01:32:35 P - setup_cyberpunk_2077_build_3214677change_4155897_(64bit)_(43299)-10.bin:  6mb per sec|    56 %|

2021/06/02 01:33:12 P - setup_cyberpunk_2077_build_3214677change_4155897_(64bit)_(43299)-10.bin:  6mb per sec|    56 %|

2021/06/02 01:33:46 P - setup_cyberpunk_2077_build_3214677change_4155897_(64bit)_(43299)-10.bin:  6mb per sec|    64 %|

2021/06/02 01:34:18 P - setup_cyberpunk_2077_build_3214677change_4155897_(64bit)_(43299)-10.bin:  6mb per sec|    64 %|

2021/06/02 01:34:19 File moving file done: /Volumes/DISK_IMG/cybe/setup_cyberpunk_2077_build_3214677change_4155897_(64bit)_(43299)-10.bin

2021/06/02 01:34:24 Complete and stop worker 20
2021/06/02 01:34:24 ==============================================
