2021/05/21 16:21:01 Found plot files 68
2021/05/21 16:21:02 Copying /Users/hesdx/Documents/ipfs/plotman/nvmecc/temp/46df45df90cf727ffd823de489b6fedf.plot to /Users/hesdx/Documents/ipfs/plotman/nvmecc/dst/46df45df90cf727ffd823de489b6fedf.plot

2021/05/21 16:21:02 Now:|50010001|    14 %|

2021/05/21 16:21:02 File moving file done: /Users/hesdx/Documents/ipfs/plotman/nvmecc/dst/46df45df90cf727ffd823de489b6fedf.plot

2021/05/21 16:21:07 Found plot files 68
2021/05/21 16:21:07 Copying /Users/hesdx/Documents/ipfs/plotman/nvmecc/temp/3e94ea3460118226fa690b2b4d332e9e.plot to /Users/hesdx/Documents/ipfs/plotman/nvmecc/dst/3e94ea3460118226fa690b2b4d332e9e.plot

2021/05/21 16:21:08 File moving file done: /Users/hesdx/Documents/ipfs/plotman/nvmecc/dst/3e94ea3460118226fa690b2b4d332e9e.plot

2021/05/21 16:21:13 Found plot files 69
2021/05/21 16:21:13 Copying /Users/hesdx/Documents/ipfs/plotman/nvmecc/temp/57723fcb8ef37eea317d4ce9a8b9765f.plot to /Users/hesdx/Documents/ipfs/plotman/nvmecc/dst/57723fcb8ef37eea317d4ce9a8b9765f.plot

2021/05/21 16:21:14 File moving file done: /Users/hesdx/Documents/ipfs/plotman/nvmecc/dst/57723fcb8ef37eea317d4ce9a8b9765f.plot

2021/05/21 16:21:19 Found plot files 69
2021/05/21 16:21:19 Copying /Users/hesdx/Documents/ipfs/plotman/nvmecc/temp/75be5345c8105cfc8793b19cfc8320f4.plot to /Users/hesdx/Documents/ipfs/plotman/nvmecc/dst/75be5345c8105cfc8793b19cfc8320f4.plot

2021/05/21 16:21:19 File moving file done: /Users/hesdx/Documents/ipfs/plotman/nvmecc/dst/75be5345c8105cfc8793b19cfc8320f4.plot

2021/05/21 16:21:21 Found plot files 69
2021/05/21 16:21:21 Copying /Users/hesdx/Documents/ipfs/plotman/nvmecc/temp/6a53eae43105a8da1a24616a07aa07f8.plot to /Users/hesdx/Documents/ipfs/plotman/nvmecc/dst/6a53eae43105a8da1a24616a07aa07f8.plot

2021/05/21 16:21:21 Now:|50010001|    14 %|

2021/05/21 16:21:22 File moving file done: /Users/hesdx/Documents/ipfs/plotman/nvmecc/dst/6a53eae43105a8da1a24616a07aa07f8.plot

2021/05/21 16:21:24 Found plot files 69
2021/05/21 16:21:25 Copying /Users/hesdx/Documents/ipfs/plotman/nvmecc/temp/eb0c64326ddf55da2abfcbb281697f90.plot to /Users/hesdx/Documents/ipfs/plotman/nvmecc/dst/eb0c64326ddf55da2abfcbb281697f90.plot

2021/05/21 16:21:25 File moving file done: /Users/hesdx/Documents/ipfs/plotman/nvmecc/dst/eb0c64326ddf55da2abfcbb281697f90.plot

2021/05/21 16:21:26 Found plot files 68
2021/05/21 16:21:26 Copying /Users/hesdx/Documents/ipfs/plotman/nvmecc/temp/0b963addfc5eaecf99126c0a8c98a68e.plot to /Users/hesdx/Documents/ipfs/plotman/nvmecc/dst/0b963addfc5eaecf99126c0a8c98a68e.plot

2021/05/21 16:21:26 Now:|50010001|    14 %|

2021/05/21 16:21:27 File moving file done: /Users/hesdx/Documents/ipfs/plotman/nvmecc/dst/0b963addfc5eaecf99126c0a8c98a68e.plot

2021/05/21 16:21:27 Found plot files 67
2021/05/21 16:21:27 Copying /Users/hesdx/Documents/ipfs/plotman/nvmecc/temp/39f2b5a3e3b478b04573bf94c3efa9ec.plot to /Users/hesdx/Documents/ipfs/plotman/nvmecc/dst/39f2b5a3e3b478b04573bf94c3efa9ec.plot

2021/05/21 16:21:28 File moving file done: /Users/hesdx/Documents/ipfs/plotman/nvmecc/dst/39f2b5a3e3b478b04573bf94c3efa9ec.plot

2021/05/21 16:21:30 Found plot files 67
2021/05/21 16:21:30 Copying /Users/hesdx/Documents/ipfs/plotman/nvmecc/temp/4e736f8a5e3a17db7e6de26fa828fcf1.plot to /Users/hesdx/Documents/ipfs/plotman/nvmecc/dst/4e736f8a5e3a17db7e6de26fa828fcf1.plot

2021/05/21 16:21:31 File moving file done: /Users/hesdx/Documents/ipfs/plotman/nvmecc/dst/4e736f8a5e3a17db7e6de26fa828fcf1.plot

2021/05/21 16:21:32 Found plot files 66
2021/05/21 16:21:32 Copying /Users/hesdx/Documents/ipfs/plotman/nvmecc/temp/2bd40a118c116e3019d4b3c4b9b65099.plot to /Users/hesdx/Documents/ipfs/plotman/nvmecc/dst/2bd40a118c116e3019d4b3c4b9b65099.plot

2021/05/21 16:21:32 File moving file done: /Users/hesdx/Documents/ipfs/plotman/nvmecc/dst/2bd40a118c116e3019d4b3c4b9b65099.plot

2021/05/21 16:21:33 Found plot files 65
2021/05/21 16:21:33 Copying /Users/hesdx/Documents/ipfs/plotman/nvmecc/temp/2eebdafcb0fecdb1d4e5106179f1d3e7.plot to /Users/hesdx/Documents/ipfs/plotman/nvmecc/dst/2eebdafcb0fecdb1d4e5106179f1d3e7.plot

2021/05/21 16:21:33 File moving file done: /Users/hesdx/Documents/ipfs/plotman/nvmecc/dst/2eebdafcb0fecdb1d4e5106179f1d3e7.plot

2021/05/21 16:21:36 Found plot files 65
2021/05/21 16:21:36 Copying /Users/hesdx/Documents/ipfs/plotman/nvmecc/temp/c6969cfcc5b146029a2e73c9893d716c.plot to /Users/hesdx/Documents/ipfs/plotman/nvmecc/dst/c6969cfcc5b146029a2e73c9893d716c.plot

2021/05/21 16:21:37 File moving file done: /Users/hesdx/Documents/ipfs/plotman/nvmecc/dst/c6969cfcc5b146029a2e73c9893d716c.plot

2021/05/21 16:21:38 Found plot files 64
2021/05/21 16:21:38 Copying /Users/hesdx/Documents/ipfs/plotman/nvmecc/temp/e5d9cd07f1c48a85b8244af09f2edf5a.plot to /Users/hesdx/Documents/ipfs/plotman/nvmecc/dst/e5d9cd07f1c48a85b8244af09f2edf5a.plot

2021/05/21 16:21:38 File moving file done: /Users/hesdx/Documents/ipfs/plotman/nvmecc/dst/e5d9cd07f1c48a85b8244af09f2edf5a.plot

2021/05/21 16:21:38 Found plot files 63
2021/05/21 16:21:39 Copying /Users/hesdx/Documents/ipfs/plotman/nvmecc/temp/6ed2293141920553fbaa5ca781d5f685.plot to /Users/hesdx/Documents/ipfs/plotman/nvmecc/dst/6ed2293141920553fbaa5ca781d5f685.plot

2021/05/21 16:21:39 File moving file done: /Users/hesdx/Documents/ipfs/plotman/nvmecc/dst/6ed2293141920553fbaa5ca781d5f685.plot

2021/05/21 16:21:42 Found plot files 63
2021/05/21 16:21:42 Copying /Users/hesdx/Documents/ipfs/plotman/nvmecc/temp/dfabb87bbf5e67e591e3d9a063b9012e.plot to /Users/hesdx/Documents/ipfs/plotman/nvmecc/dst/dfabb87bbf5e67e591e3d9a063b9012e.plot

2021/05/21 16:21:42 File moving file done: /Users/hesdx/Documents/ipfs/plotman/nvmecc/dst/dfabb87bbf5e67e591e3d9a063b9012e.plot

2021/05/21 16:21:43 Found plot files 62
2021/05/21 16:21:43 Copying /Users/hesdx/Documents/ipfs/plotman/nvmecc/temp/49fa67964e8125c10d1ffa9af14ab24b.plot to /Users/hesdx/Documents/ipfs/plotman/nvmecc/dst/49fa67964e8125c10d1ffa9af14ab24b.plot

2021/05/21 16:21:44 File moving file done: /Users/hesdx/Documents/ipfs/plotman/nvmecc/dst/49fa67964e8125c10d1ffa9af14ab24b.plot

2021/05/21 16:21:44 Found plot files 61
2021/05/21 16:21:44 Copying /Users/hesdx/Documents/ipfs/plotman/nvmecc/temp/9fcf9e64df1c041d88c9d68f3a73cdf8.plot to /Users/hesdx/Documents/ipfs/plotman/nvmecc/dst/9fcf9e64df1c041d88c9d68f3a73cdf8.plot

2021/05/21 16:21:45 File moving file done: /Users/hesdx/Documents/ipfs/plotman/nvmecc/dst/9fcf9e64df1c041d88c9d68f3a73cdf8.plot

2021/05/21 16:21:48 Found plot files 61
2021/05/21 16:21:48 Copying /Users/hesdx/Documents/ipfs/plotman/nvmecc/temp/59cf6972ea6c8938588deadf397bc703.plot to /Users/hesdx/Documents/ipfs/plotman/nvmecc/dst/59cf6972ea6c8938588deadf397bc703.plot

2021/05/21 16:21:48 File moving file done: /Users/hesdx/Documents/ipfs/plotman/nvmecc/dst/59cf6972ea6c8938588deadf397bc703.plot

2021/05/21 16:21:49 Found plot files 60
2021/05/21 16:21:49 Copying /Users/hesdx/Documents/ipfs/plotman/nvmecc/temp/da700fbe232c539730b68405069a73fe.plot to /Users/hesdx/Documents/ipfs/plotman/nvmecc/dst/da700fbe232c539730b68405069a73fe.plot

2021/05/21 16:21:50 File moving file done: /Users/hesdx/Documents/ipfs/plotman/nvmecc/dst/da700fbe232c539730b68405069a73fe.plot

2021/05/21 16:21:50 Found plot files 59
2021/05/21 16:21:50 Copying /Users/hesdx/Documents/ipfs/plotman/nvmecc/temp/6612bb57c0de5c45979c96ef77cd1066.plot to /Users/hesdx/Documents/ipfs/plotman/nvmecc/dst/6612bb57c0de5c45979c96ef77cd1066.plot

2021/05/21 16:21:51 File moving file done: /Users/hesdx/Documents/ipfs/plotman/nvmecc/dst/6612bb57c0de5c45979c96ef77cd1066.plot

2021/05/21 16:21:53 Found plot files 59
2021/05/21 16:21:54 Copying /Users/hesdx/Documents/ipfs/plotman/nvmecc/temp/6733f0b2f0384206be3eb28627c5466d.plot to /Users/hesdx/Documents/ipfs/plotman/nvmecc/dst/6733f0b2f0384206be3eb28627c5466d.plot

2021/05/21 16:21:54 File moving file done: /Users/hesdx/Documents/ipfs/plotman/nvmecc/dst/6733f0b2f0384206be3eb28627c5466d.plot

2021/05/21 16:21:55 Found plot files 58
2021/05/21 16:21:55 Copying /Users/hesdx/Documents/ipfs/plotman/nvmecc/temp/8d579af4de5a04af459360482f4294a4.plot to /Users/hesdx/Documents/ipfs/plotman/nvmecc/dst/8d579af4de5a04af459360482f4294a4.plot

2021/05/21 16:21:55 File moving file done: /Users/hesdx/Documents/ipfs/plotman/nvmecc/dst/8d579af4de5a04af459360482f4294a4.plot

2021/05/21 16:21:56 Complete and stop worker 20
2021/05/21 16:21:56 ==============================================
2021/05/21 16:21:59 Complete and stop worker 20
2021/05/21 16:21:59 ==============================================
2021/05/21 16:22:00 Complete and stop worker 20
2021/05/21 16:22:00 ==============================================
2021/05/21 16:22:29 Complete and stop worker 20
2021/05/21 16:22:29 ==============================================
2021/05/21 16:22:32 Complete and stop worker 20
2021/05/21 16:22:32 ==============================================
2021/05/21 16:22:33 Complete and stop worker 20
2021/05/21 16:22:33 ==============================================
2021/05/21 16:22:33 Complete and stop worker 20
2021/05/21 16:22:33 ==============================================
2021/05/21 16:22:34 Complete and stop worker 20
2021/05/21 16:22:34 ==============================================
2021/05/21 16:22:35 Complete and stop worker 20
2021/05/21 16:22:35 ==============================================
2021/05/21 16:22:35 Complete and stop worker 20
2021/05/21 16:22:35 ==============================================
2021/05/21 16:22:36 Complete and stop worker 20
2021/05/21 16:22:36 ==============================================
2021/05/21 16:22:49 Found plot files 68
2021/05/21 16:22:49 Copying /Users/hesdx/Documents/ipfs/plotman/nvmecc/temp/f16c7548a3e6cc4f70b29d96d8c119a7.plot to /Users/hesdx/Documents/ipfs/plotman/nvmecc/dst/f16c7548a3e6cc4f70b29d96d8c119a7.plot

2021/05/21 16:22:49 Now:|50010001|    14 %|

2021/05/21 16:22:50 File moving file done: /Users/hesdx/Documents/ipfs/plotman/nvmecc/dst/f16c7548a3e6cc4f70b29d96d8c119a7.plot

2021/05/21 16:22:55 Found plot files 68
2021/05/21 16:22:55 Copying /Users/hesdx/Documents/ipfs/plotman/nvmecc/temp/cef3203e57fb680bee305f668406cb3f.plot to /Users/hesdx/Documents/ipfs/plotman/nvmecc/dst/cef3203e57fb680bee305f668406cb3f.plot

2021/05/21 16:22:56 File moving file done: /Users/hesdx/Documents/ipfs/plotman/nvmecc/dst/cef3203e57fb680bee305f668406cb3f.plot

2021/05/21 16:23:01 Found plot files 69
2021/05/21 16:23:01 Copying /Users/hesdx/Documents/ipfs/plotman/nvmecc/temp/3e5383954dc895c89d521640c17079e5.plot to /Users/hesdx/Documents/ipfs/plotman/nvmecc/dst/3e5383954dc895c89d521640c17079e5.plot

2021/05/21 16:23:01 File moving file done: /Users/hesdx/Documents/ipfs/plotman/nvmecc/dst/3e5383954dc895c89d521640c17079e5.plot

2021/05/21 16:23:07 Found plot files 69
2021/05/21 16:23:07 Copying /Users/hesdx/Documents/ipfs/plotman/nvmecc/temp/65f238371b54c18e1f14f7fcf9265e3b.plot to /Users/hesdx/Documents/ipfs/plotman/nvmecc/dst/65f238371b54c18e1f14f7fcf9265e3b.plot

2021/05/21 16:23:07 Found plot files 69
2021/05/21 16:23:07 Working directory is in busy /Users/hesdx/Documents/ipfs/plotman/nvmecc/temp/65f238371b54c18e1f14f7fcf9265e3b.plot, lets wait 10s
2021/05/21 16:23:07 File moving file done: /Users/hesdx/Documents/ipfs/plotman/nvmecc/dst/65f238371b54c18e1f14f7fcf9265e3b.plot

2021/05/21 16:23:09 Found plot files 68
2021/05/21 16:23:10 Copying /Users/hesdx/Documents/ipfs/plotman/nvmecc/temp/dcf2c664877b4651a808c81a64a4b080.plot to /Users/hesdx/Documents/ipfs/plotman/nvmecc/dst/dcf2c664877b4651a808c81a64a4b080.plot

2021/05/21 16:23:10 Now:|50010001|    14 %|

2021/05/21 16:23:10 File moving file done: /Users/hesdx/Documents/ipfs/plotman/nvmecc/dst/dcf2c664877b4651a808c81a64a4b080.plot

2021/05/21 16:23:12 Found plot files 68
2021/05/21 16:23:13 Copying /Users/hesdx/Documents/ipfs/plotman/nvmecc/temp/2c8e94bdb3df0d7359705a4a86a3e5ad.plot to /Users/hesdx/Documents/ipfs/plotman/nvmecc/dst/2c8e94bdb3df0d7359705a4a86a3e5ad.plot

2021/05/21 16:23:13 File moving file done: /Users/hesdx/Documents/ipfs/plotman/nvmecc/dst/2c8e94bdb3df0d7359705a4a86a3e5ad.plot

2021/05/21 16:23:15 Found plot files 67
2021/05/21 16:23:16 Copying /Users/hesdx/Documents/ipfs/plotman/nvmecc/temp/d55e77dca81da475500d269cbe0dfa2e.plot to /Users/hesdx/Documents/ipfs/plotman/nvmecc/dst/d55e77dca81da475500d269cbe0dfa2e.plot

2021/05/21 16:23:16 File moving file done: /Users/hesdx/Documents/ipfs/plotman/nvmecc/dst/d55e77dca81da475500d269cbe0dfa2e.plot

2021/05/21 16:23:17 Found plot files 66
2021/05/21 16:23:17 Copying /Users/hesdx/Documents/ipfs/plotman/nvmecc/temp/7cf1d86fd24228b87e18525d50c498ec.plot to /Users/hesdx/Documents/ipfs/plotman/nvmecc/dst/7cf1d86fd24228b87e18525d50c498ec.plot

2021/05/21 16:23:17 Now:|50010001|    14 %|

2021/05/21 16:23:18 File moving file done: /Users/hesdx/Documents/ipfs/plotman/nvmecc/dst/7cf1d86fd24228b87e18525d50c498ec.plot

2021/05/21 16:23:18 Found plot files 66
2021/05/21 16:23:18 Copying /Users/hesdx/Documents/ipfs/plotman/nvmecc/temp/286e090f0c01a778f0a598e9a9ee0ee8.plot to /Users/hesdx/Documents/ipfs/plotman/nvmecc/dst/286e090f0c01a778f0a598e9a9ee0ee8.plot

2021/05/21 16:23:19 File moving file done: /Users/hesdx/Documents/ipfs/plotman/nvmecc/dst/286e090f0c01a778f0a598e9a9ee0ee8.plot

2021/05/21 16:23:22 Found plot files 65
2021/05/21 16:23:22 Copying /Users/hesdx/Documents/ipfs/plotman/nvmecc/temp/ec4627b5b7d86e5b0d08d65a32c87b5f.plot to /Users/hesdx/Documents/ipfs/plotman/nvmecc/dst/ec4627b5b7d86e5b0d08d65a32c87b5f.plot

2021/05/21 16:23:22 File moving file done: /Users/hesdx/Documents/ipfs/plotman/nvmecc/dst/ec4627b5b7d86e5b0d08d65a32c87b5f.plot

2021/05/21 16:23:23 Found plot files 64
2021/05/21 16:23:23 Copying /Users/hesdx/Documents/ipfs/plotman/nvmecc/temp/581b36eafe956a05138fb786c5531368.plot to /Users/hesdx/Documents/ipfs/plotman/nvmecc/dst/581b36eafe956a05138fb786c5531368.plot

2021/05/21 16:23:24 File moving file done: /Users/hesdx/Documents/ipfs/plotman/nvmecc/dst/581b36eafe956a05138fb786c5531368.plot

2021/05/21 16:23:24 Found plot files 64
2021/05/21 16:23:24 Copying /Users/hesdx/Documents/ipfs/plotman/nvmecc/temp/91f20583e33b1256850c55d1d5752cce.plot to /Users/hesdx/Documents/ipfs/plotman/nvmecc/dst/91f20583e33b1256850c55d1d5752cce.plot

2021/05/21 16:23:25 File moving file done: /Users/hesdx/Documents/ipfs/plotman/nvmecc/dst/91f20583e33b1256850c55d1d5752cce.plot

2021/05/21 16:23:27 Found plot files 63
2021/05/21 16:23:27 Copying /Users/hesdx/Documents/ipfs/plotman/nvmecc/temp/c89878e4194442b99b3890d31255d5d5.plot to /Users/hesdx/Documents/ipfs/plotman/nvmecc/dst/c89878e4194442b99b3890d31255d5d5.plot

2021/05/21 16:23:28 File moving file done: /Users/hesdx/Documents/ipfs/plotman/nvmecc/dst/c89878e4194442b99b3890d31255d5d5.plot

2021/05/21 16:23:29 Complete and stop worker 20
2021/05/21 16:23:29 ==============================================
2021/05/21 16:23:30 Complete and stop worker 20
2021/05/21 16:23:30 ==============================================
2021/05/21 16:23:33 Complete and stop worker 20
2021/05/21 16:23:33 ==============================================
